<?xml version="1.0" encoding="UTF-8"?>
<testsuites>
  <testsuite name="C:\Users\ngocd\Documents\New project\BaoCaoKiemDinhPhanMem\phpunit.xml" tests="50" assertions="117" errors="0" failures="0" skipped="0" time="1.162955">
    <testsuite name="Unit" tests="6" assertions="12" errors="0" failures="0" skipped="0" time="0.289106">
      <testsuite name="Tests\Unit\ExampleTest" file="C:\Users\ngocd\Documents\New project\BaoCaoKiemDinhPhanMem\tests\Unit\ExampleTest.php" tests="1" assertions="1" errors="0" failures="0" skipped="0" time="0.003833">
        <testcase name="test_that_true_is_true" file="C:\Users\ngocd\Documents\New project\BaoCaoKiemDinhPhanMem\tests\Unit\ExampleTest.php" line="12" class="Tests\Unit\ExampleTest" classname="Tests.Unit.ExampleTest" assertions="1" time="0.003833"/>
      </testsuite>
      <testsuite name="Tests\Unit\ModelRelationshipTest" file="C:\Users\ngocd\Documents\New project\BaoCaoKiemDinhPhanMem\tests\Unit\ModelRelationshipTest.php" tests="5" assertions="11" errors="0" failures="0" skipped="0" time="0.285274">
        <testcase name="test_admin_role_helper_returns_correct_value" file="C:\Users\ngocd\Documents\New project\BaoCaoKiemDinhPhanMem\tests\Unit\ModelRelationshipTest.php" line="13" class="Tests\Unit\ModelRelationshipTest" classname="Tests.Unit.ModelRelationshipTest" assertions="2" time="0.234581"/>
        <testcase name="test_room_relationships_return_schedules_and_requests" file="C:\Users\ngocd\Documents\New project\BaoCaoKiemDinhPhanMem\tests\Unit\ModelRelationshipTest.php" line="19" class="Tests\Unit\ModelRelationshipTest" classname="Tests.Unit.ModelRelationshipTest" assertions="2" time="0.015661"/>
        <testcase name="test_course_belongs_to_instructor_and_has_requests" file="C:\Users\ngocd\Documents\New project\BaoCaoKiemDinhPhanMem\tests\Unit\ModelRelationshipTest.php" line="29" class="Tests\Unit\ModelRelationshipTest" classname="Tests.Unit.ModelRelationshipTest" assertions="2" time="0.013028"/>
        <testcase name="test_schedule_belongs_to_user_and_room" file="C:\Users\ngocd\Documents\New project\BaoCaoKiemDinhPhanMem\tests\Unit\ModelRelationshipTest.php" line="39" class="Tests\Unit\ModelRelationshipTest" classname="Tests.Unit.ModelRelationshipTest" assertions="2" time="0.009640"/>
        <testcase name="test_booking_request_belongs_to_all_related_models" file="C:\Users\ngocd\Documents\New project\BaoCaoKiemDinhPhanMem\tests\Unit\ModelRelationshipTest.php" line="49" class="Tests\Unit\ModelRelationshipTest" classname="Tests.Unit.ModelRelationshipTest" assertions="3" time="0.012364"/>
      </testsuite>
    </testsuite>
    <testsuite name="Feature" tests="44" assertions="105" errors="0" failures="0" skipped="0" time="0.873849">
      <testsuite name="Tests\Feature\AuthenticationTest" file="C:\Users\ngocd\Documents\New project\BaoCaoKiemDinhPhanMem\tests\Feature\AuthenticationTest.php" tests="6" assertions="18" errors="0" failures="0" skipped="0" time="0.334375">
        <testcase name="test_login_page_is_available" file="C:\Users\ngocd\Documents\New project\BaoCaoKiemDinhPhanMem\tests\Feature\AuthenticationTest.php" line="13" class="Tests\Feature\AuthenticationTest" classname="Tests.Feature.AuthenticationTest" assertions="2" time="0.048022"/>
        <testcase name="test_valid_credentials_open_dashboard" file="C:\Users\ngocd\Documents\New project\BaoCaoKiemDinhPhanMem\tests\Feature\AuthenticationTest.php" line="18" class="Tests\Feature\AuthenticationTest" classname="Tests.Feature.AuthenticationTest" assertions="3" time="0.022893"/>
        <testcase name="test_invalid_password_returns_validation_error" file="C:\Users\ngocd\Documents\New project\BaoCaoKiemDinhPhanMem\tests\Feature\AuthenticationTest.php" line="28" class="Tests\Feature\AuthenticationTest" classname="Tests.Feature.AuthenticationTest" assertions="5" time="0.230596"/>
        <testcase name="test_missing_username_and_password_are_rejected" file="C:\Users\ngocd\Documents\New project\BaoCaoKiemDinhPhanMem\tests\Feature\AuthenticationTest.php" line="40" class="Tests\Feature\AuthenticationTest" classname="Tests.Feature.AuthenticationTest" assertions="3" time="0.011362"/>
        <testcase name="test_guest_is_redirected_from_dashboard" file="C:\Users\ngocd\Documents\New project\BaoCaoKiemDinhPhanMem\tests\Feature\AuthenticationTest.php" line="46" class="Tests\Feature\AuthenticationTest" classname="Tests.Feature.AuthenticationTest" assertions="2" time="0.011184"/>
        <testcase name="test_logout_invalidates_authenticated_session" file="C:\Users\ngocd\Documents\New project\BaoCaoKiemDinhPhanMem\tests\Feature\AuthenticationTest.php" line="51" class="Tests\Feature\AuthenticationTest" classname="Tests.Feature.AuthenticationTest" assertions="3" time="0.010318"/>
      </testsuite>
      <testsuite name="Tests\Feature\BookingRequestManagementTest" file="C:\Users\ngocd\Documents\New project\BaoCaoKiemDinhPhanMem\tests\Feature\BookingRequestManagementTest.php" tests="10" assertions="21" errors="0" failures="0" skipped="0" time="0.140578">
        <testcase name="test_user_can_create_booking_request" file="C:\Users\ngocd\Documents\New project\BaoCaoKiemDinhPhanMem\tests\Feature\BookingRequestManagementTest.php" line="14" class="Tests\Feature\BookingRequestManagementTest" classname="Tests.Feature.BookingRequestManagementTest" assertions="4" time="0.023432"/>
        <testcase name="test_booking_date_cannot_be_in_the_past" file="C:\Users\ngocd\Documents\New project\BaoCaoKiemDinhPhanMem\tests\Feature\BookingRequestManagementTest.php" line="36" class="Tests\Feature\BookingRequestManagementTest" classname="Tests.Feature.BookingRequestManagementTest" assertions="2" time="0.012474"/>
        <testcase name="test_end_time_must_be_after_start_time" file="C:\Users\ngocd\Documents\New project\BaoCaoKiemDinhPhanMem\tests\Feature\BookingRequestManagementTest.php" line="52" class="Tests\Feature\BookingRequestManagementTest" classname="Tests.Feature.BookingRequestManagementTest" assertions="2" time="0.011660"/>
        <testcase name="test_request_conflicting_with_schedule_is_rejected" file="C:\Users\ngocd\Documents\New project\BaoCaoKiemDinhPhanMem\tests\Feature\BookingRequestManagementTest.php" line="68" class="Tests\Feature\BookingRequestManagementTest" classname="Tests.Feature.BookingRequestManagementTest" assertions="2" time="0.011391"/>
        <testcase name="test_owner_can_update_pending_request" file="C:\Users\ngocd\Documents\New project\BaoCaoKiemDinhPhanMem\tests\Feature\BookingRequestManagementTest.php" line="89" class="Tests\Feature\BookingRequestManagementTest" classname="Tests.Feature.BookingRequestManagementTest" assertions="2" time="0.013423"/>
        <testcase name="test_processed_request_cannot_be_updated" file="C:\Users\ngocd\Documents\New project\BaoCaoKiemDinhPhanMem\tests\Feature\BookingRequestManagementTest.php" line="106" class="Tests\Feature\BookingRequestManagementTest" classname="Tests.Feature.BookingRequestManagementTest" assertions="1" time="0.014192"/>
        <testcase name="test_admin_can_approve_request_and_create_schedule" file="C:\Users\ngocd\Documents\New project\BaoCaoKiemDinhPhanMem\tests\Feature\BookingRequestManagementTest.php" line="115" class="Tests\Feature\BookingRequestManagementTest" classname="Tests.Feature.BookingRequestManagementTest" assertions="3" time="0.014446"/>
        <testcase name="test_admin_can_reject_pending_request" file="C:\Users\ngocd\Documents\New project\BaoCaoKiemDinhPhanMem\tests\Feature\BookingRequestManagementTest.php" line="127" class="Tests\Feature\BookingRequestManagementTest" classname="Tests.Feature.BookingRequestManagementTest" assertions="2" time="0.012160"/>
        <testcase name="test_regular_user_cannot_approve_request" file="C:\Users\ngocd\Documents\New project\BaoCaoKiemDinhPhanMem\tests\Feature\BookingRequestManagementTest.php" line="138" class="Tests\Feature\BookingRequestManagementTest" classname="Tests.Feature.BookingRequestManagementTest" assertions="1" time="0.014692"/>
        <testcase name="test_other_user_cannot_delete_request" file="C:\Users\ngocd\Documents\New project\BaoCaoKiemDinhPhanMem\tests\Feature\BookingRequestManagementTest.php" line="147" class="Tests\Feature\BookingRequestManagementTest" classname="Tests.Feature.BookingRequestManagementTest" assertions="2" time="0.012707"/>
      </testsuite>
      <testsuite name="Tests\Feature\CourseManagementTest" file="C:\Users\ngocd\Documents\New project\BaoCaoKiemDinhPhanMem\tests\Feature\CourseManagementTest.php" tests="6" assertions="13" errors="0" failures="0" skipped="0" time="0.091347">
        <testcase name="test_admin_can_create_course" file="C:\Users\ngocd\Documents\New project\BaoCaoKiemDinhPhanMem\tests\Feature\CourseManagementTest.php" line="13" class="Tests\Feature\CourseManagementTest" classname="Tests.Feature.CourseManagementTest" assertions="4" time="0.018022"/>
        <testcase name="test_course_code_must_be_unique" file="C:\Users\ngocd\Documents\New project\BaoCaoKiemDinhPhanMem\tests\Feature\CourseManagementTest.php" line="29" class="Tests\Feature\CourseManagementTest" classname="Tests.Feature.CourseManagementTest" assertions="2" time="0.013491"/>
        <testcase name="test_credits_must_be_between_one_and_ten" file="C:\Users\ngocd\Documents\New project\BaoCaoKiemDinhPhanMem\tests\Feature\CourseManagementTest.php" line="43" class="Tests\Feature\CourseManagementTest" classname="Tests.Feature.CourseManagementTest" assertions="2" time="0.015467"/>
        <testcase name="test_admin_can_update_course" file="C:\Users\ngocd\Documents\New project\BaoCaoKiemDinhPhanMem\tests\Feature\CourseManagementTest.php" line="56" class="Tests\Feature\CourseManagementTest" classname="Tests.Feature.CourseManagementTest" assertions="2" time="0.017171"/>
        <testcase name="test_course_used_by_booking_request_cannot_be_deleted" file="C:\Users\ngocd\Documents\New project\BaoCaoKiemDinhPhanMem\tests\Feature\CourseManagementTest.php" line="73" class="Tests\Feature\CourseManagementTest" classname="Tests.Feature.CourseManagementTest" assertions="2" time="0.015211"/>
        <testcase name="test_regular_user_cannot_create_course" file="C:\Users\ngocd\Documents\New project\BaoCaoKiemDinhPhanMem\tests\Feature\CourseManagementTest.php" line="85" class="Tests\Feature\CourseManagementTest" classname="Tests.Feature.CourseManagementTest" assertions="1" time="0.011987"/>
      </testsuite>
      <testsuite name="Tests\Feature\ExampleTest" file="C:\Users\ngocd\Documents\New project\BaoCaoKiemDinhPhanMem\tests\Feature\ExampleTest.php" tests="1" assertions="1" errors="0" failures="0" skipped="0" time="0.011898">
        <testcase name="test_the_application_returns_a_successful_response" file="C:\Users\ngocd\Documents\New project\BaoCaoKiemDinhPhanMem\tests\Feature\ExampleTest.php" line="13" class="Tests\Feature\ExampleTest" classname="Tests.Feature.ExampleTest" assertions="1" time="0.011898"/>
      </testsuite>
      <testsuite name="Tests\Feature\RoomManagementTest" file="C:\Users\ngocd\Documents\New project\BaoCaoKiemDinhPhanMem\tests\Feature\RoomManagementTest.php" tests="7" assertions="19" errors="0" failures="0" skipped="0" time="0.090252">
        <testcase name="test_admin_can_create_room" file="C:\Users\ngocd\Documents\New project\BaoCaoKiemDinhPhanMem\tests\Feature\RoomManagementTest.php" line="13" class="Tests\Feature\RoomManagementTest" classname="Tests.Feature.RoomManagementTest" assertions="4" time="0.013035"/>
        <testcase name="test_room_name_must_be_unique" file="C:\Users\ngocd\Documents\New project\BaoCaoKiemDinhPhanMem\tests\Feature\RoomManagementTest.php" line="27" class="Tests\Feature\RoomManagementTest" classname="Tests.Feature.RoomManagementTest" assertions="2" time="0.011432"/>
        <testcase name="test_room_capacity_must_be_at_least_one" file="C:\Users\ngocd\Documents\New project\BaoCaoKiemDinhPhanMem\tests\Feature\RoomManagementTest.php" line="39" class="Tests\Feature\RoomManagementTest" classname="Tests.Feature.RoomManagementTest" assertions="2" time="0.012764"/>
        <testcase name="test_admin_can_update_room" file="C:\Users\ngocd\Documents\New project\BaoCaoKiemDinhPhanMem\tests\Feature\RoomManagementTest.php" line="50" class="Tests\Feature\RoomManagementTest" classname="Tests.Feature.RoomManagementTest" assertions="4" time="0.013829"/>
        <testcase name="test_admin_can_delete_unused_room" file="C:\Users\ngocd\Documents\New project\BaoCaoKiemDinhPhanMem\tests\Feature\RoomManagementTest.php" line="65" class="Tests\Feature\RoomManagementTest" classname="Tests.Feature.RoomManagementTest" assertions="4" time="0.013384"/>
        <testcase name="test_room_used_by_schedule_cannot_be_deleted" file="C:\Users\ngocd\Documents\New project\BaoCaoKiemDinhPhanMem\tests\Feature\RoomManagementTest.php" line="76" class="Tests\Feature\RoomManagementTest" classname="Tests.Feature.RoomManagementTest" assertions="2" time="0.012358"/>
        <testcase name="test_regular_user_cannot_mutate_rooms" file="C:\Users\ngocd\Documents\New project\BaoCaoKiemDinhPhanMem\tests\Feature\RoomManagementTest.php" line="88" class="Tests\Feature\RoomManagementTest" classname="Tests.Feature.RoomManagementTest" assertions="1" time="0.013450"/>
      </testsuite>
      <testsuite name="Tests\Feature\ScheduleManagementTest" file="C:\Users\ngocd\Documents\New project\BaoCaoKiemDinhPhanMem\tests\Feature\ScheduleManagementTest.php" tests="7" assertions="16" errors="0" failures="0" skipped="0" time="0.100911">
        <testcase name="test_authenticated_user_can_create_schedule" file="C:\Users\ngocd\Documents\New project\BaoCaoKiemDinhPhanMem\tests\Feature\ScheduleManagementTest.php" line="14" class="Tests\Feature\ScheduleManagementTest" classname="Tests.Feature.ScheduleManagementTest" assertions="4" time="0.019739"/>
        <testcase name="test_end_time_must_be_after_start_time" file="C:\Users\ngocd\Documents\New project\BaoCaoKiemDinhPhanMem\tests\Feature\ScheduleManagementTest.php" line="34" class="Tests\Feature\ScheduleManagementTest" classname="Tests.Feature.ScheduleManagementTest" assertions="2" time="0.013064"/>
        <testcase name="test_conflicting_schedule_is_rejected" file="C:\Users\ngocd\Documents\New project\BaoCaoKiemDinhPhanMem\tests\Feature\ScheduleManagementTest.php" line="48" class="Tests\Feature\ScheduleManagementTest" classname="Tests.Feature.ScheduleManagementTest" assertions="3" time="0.012359"/>
        <testcase name="test_owner_can_update_schedule" file="C:\Users\ngocd\Documents\New project\BaoCaoKiemDinhPhanMem\tests\Feature\ScheduleManagementTest.php" line="68" class="Tests\Feature\ScheduleManagementTest" classname="Tests.Feature.ScheduleManagementTest" assertions="2" time="0.012292"/>
        <testcase name="test_other_user_cannot_update_schedule" file="C:\Users\ngocd\Documents\New project\BaoCaoKiemDinhPhanMem\tests\Feature\ScheduleManagementTest.php" line="84" class="Tests\Feature\ScheduleManagementTest" classname="Tests.Feature.ScheduleManagementTest" assertions="1" time="0.012586"/>
        <testcase name="test_owner_can_delete_schedule" file="C:\Users\ngocd\Documents\New project\BaoCaoKiemDinhPhanMem\tests\Feature\ScheduleManagementTest.php" line="94" class="Tests\Feature\ScheduleManagementTest" classname="Tests.Feature.ScheduleManagementTest" assertions="2" time="0.012353"/>
        <testcase name="test_other_user_cannot_delete_schedule" file="C:\Users\ngocd\Documents\New project\BaoCaoKiemDinhPhanMem\tests\Feature\ScheduleManagementTest.php" line="105" class="Tests\Feature\ScheduleManagementTest" classname="Tests.Feature.ScheduleManagementTest" assertions="2" time="0.018519"/>
      </testsuite>
      <testsuite name="Tests\Feature\UserManagementTest" file="C:\Users\ngocd\Documents\New project\BaoCaoKiemDinhPhanMem\tests\Feature\UserManagementTest.php" tests="7" assertions="17" errors="0" failures="0" skipped="0" time="0.104487">
        <testcase name="test_admin_can_create_user" file="C:\Users\ngocd\Documents\New project\BaoCaoKiemDinhPhanMem\tests\Feature\UserManagementTest.php" line="14" class="Tests\Feature\UserManagementTest" classname="Tests.Feature.UserManagementTest" assertions="4" time="0.024138"/>
        <testcase name="test_duplicate_username_and_email_are_rejected" file="C:\Users\ngocd\Documents\New project\BaoCaoKiemDinhPhanMem\tests\Feature\UserManagementTest.php" line="31" class="Tests\Feature\UserManagementTest" classname="Tests.Feature.UserManagementTest" assertions="3" time="0.015163"/>
        <testcase name="test_password_confirmation_is_required" file="C:\Users\ngocd\Documents\New project\BaoCaoKiemDinhPhanMem\tests\Feature\UserManagementTest.php" line="46" class="Tests\Feature\UserManagementTest" classname="Tests.Feature.UserManagementTest" assertions="2" time="0.012629"/>
        <testcase name="test_admin_can_update_user_without_changing_password" file="C:\Users\ngocd\Documents\New project\BaoCaoKiemDinhPhanMem\tests\Feature\UserManagementTest.php" line="60" class="Tests\Feature\UserManagementTest" classname="Tests.Feature.UserManagementTest" assertions="3" time="0.013153"/>
        <testcase name="test_admin_cannot_delete_self" file="C:\Users\ngocd\Documents\New project\BaoCaoKiemDinhPhanMem\tests\Feature\UserManagementTest.php" line="78" class="Tests\Feature\UserManagementTest" classname="Tests.Feature.UserManagementTest" assertions="2" time="0.010894"/>
        <testcase name="test_admin_can_delete_other_user" file="C:\Users\ngocd\Documents\New project\BaoCaoKiemDinhPhanMem\tests\Feature\UserManagementTest.php" line="88" class="Tests\Feature\UserManagementTest" classname="Tests.Feature.UserManagementTest" assertions="2" time="0.012631"/>
        <testcase name="test_regular_user_cannot_manage_users" file="C:\Users\ngocd\Documents\New project\BaoCaoKiemDinhPhanMem\tests\Feature\UserManagementTest.php" line="99" class="Tests\Feature\UserManagementTest" classname="Tests.Feature.UserManagementTest" assertions="1" time="0.015880"/>
      </testsuite>
    </testsuite>
  </testsuite>
</testsuites>
